Added Component: Designator=C1(C_0603)
Added Component: Designator=C2(C_0603)
Added Component: Designator=CN1(CN_B6B-XH-A_BLUE)
Added Component: Designator=R1(R_0603)
Added Component: Designator=R2(R_0603)
Added Component: Designator=R3(R_0603)
Added Component: Designator=SGM1(SGM452-TSOP65P490X110-8N)
Added Pin To Net: NetName=GND Pin=C1-1
Added Pin To Net: NetName=GND Pin=C2-1
Added Pin To Net: NetName=GND Pin=CN1-1
Added Pin To Net: NetName=GND Pin=SGM1-5
Added Pin To Net: NetName=GND Pin=SGM1-6
Added Pin To Net: NetName=GND Pin=SGM1-7
Added Net: Name=GND
Added Pin To Net: NetName=NetC1_2 Pin=C1-2
Added Pin To Net: NetName=NetC1_2 Pin=C2-2
Added Pin To Net: NetName=NetC1_2 Pin=SGM1-8
Added Net: Name=NetC1_2
Added Pin To Net: NetName=OS Pin=R1-1
Added Pin To Net: NetName=OS Pin=SGM1-3
Added Net: Name=OS
Added Pin To Net: NetName=SCL Pin=R2-1
Added Pin To Net: NetName=SCL Pin=SGM1-2
Added Net: Name=SCL
Added Pin To Net: NetName=SDA Pin=R3-1
Added Pin To Net: NetName=SDA Pin=SGM1-1
Added Net: Name=SDA
Added Pin To Net: NetName=VCC Pin=CN1-2
Added Pin To Net: NetName=VCC Pin=R1-2
Added Pin To Net: NetName=VCC Pin=R2-2
Added Net: Name=VCC
Added Class: Name=Design
Added Room: Name=Design
